Started GET "/" for 127.0.0.1 at 2023-09-01 13:03:04 -0400
Processing by Rails::WelcomeController#index as HTML
  Rendering /var/lib/gems/3.0.0/gems/railties-7.0.7.2/lib/rails/templates/rails/welcome/index.html.erb
  Rendered /var/lib/gems/3.0.0/gems/railties-7.0.7.2/lib/rails/templates/rails/welcome/index.html.erb (Duration: 1.1ms | Allocations: 931)
Completed 200 OK in 14ms (Views: 4.0ms | ActiveRecord: 0.0ms | Allocations: 10040)


Started GET "/" for 127.0.0.1 at 2023-09-01 13:03:35 -0400
Processing by Rails::WelcomeController#index as HTML
  Rendering /var/lib/gems/3.0.0/gems/railties-7.0.7.2/lib/rails/templates/rails/welcome/index.html.erb
  Rendered /var/lib/gems/3.0.0/gems/railties-7.0.7.2/lib/rails/templates/rails/welcome/index.html.erb (Duration: 1.7ms | Allocations: 487)
Completed 200 OK in 5ms (Views: 3.5ms | ActiveRecord: 0.0ms | Allocations: 1545)


Started GET "/" for 127.0.0.1 at 2023-09-01 13:04:16 -0400
Processing by ArticlesController#index as HTML
  Rendering layout layouts/application.html.erb
  Rendering articles/index.html.erb within layouts/application
  Rendered articles/index.html.erb within layouts/application (Duration: 0.3ms | Allocations: 138)
  Rendered layout layouts/application.html.erb (Duration: 224.3ms | Allocations: 94082)
Completed 200 OK in 226ms (Views: 225.4ms | ActiveRecord: 0.0ms | Allocations: 95360)


  [1m[35m (8.9ms)[0m  [1m[35mCREATE TABLE "schema_migrations" ("version" varchar NOT NULL PRIMARY KEY)[0m
  [1m[35m (8.4ms)[0m  [1m[35mCREATE TABLE "ar_internal_metadata" ("key" varchar NOT NULL PRIMARY KEY, "value" varchar, "created_at" datetime(6) NOT NULL, "updated_at" datetime(6) NOT NULL)[0m
  [1m[36mActiveRecord::SchemaMigration Pluck (0.3ms)[0m  [1m[34mSELECT "schema_migrations"."version" FROM "schema_migrations" ORDER BY "schema_migrations"."version" ASC[0m
Migrating to CreateArticles (20230901170702)
  [1m[36mTRANSACTION (0.1ms)[0m  [1m[36mbegin transaction[0m
  [1m[35m (0.4ms)[0m  [1m[35mCREATE TABLE "articles" ("id" integer PRIMARY KEY AUTOINCREMENT NOT NULL, "title" varchar, "body" text, "created_at" datetime(6) NOT NULL, "updated_at" datetime(6) NOT NULL)[0m
  [1m[36mActiveRecord::SchemaMigration Create (0.2ms)[0m  [1m[32mINSERT INTO "schema_migrations" ("version") VALUES (?)[0m  [["version", "20230901170702"]]
  [1m[36mTRANSACTION (7.1ms)[0m  [1m[36mcommit transaction[0m
  [1m[36mActiveRecord::InternalMetadata Load (0.1ms)[0m  [1m[34mSELECT "ar_internal_metadata".* FROM "ar_internal_metadata" WHERE "ar_internal_metadata"."key" = ? LIMIT ?[0m  [["key", "environment"], ["LIMIT", 1]]
  [1m[36mTRANSACTION (0.0ms)[0m  [1m[36mbegin transaction[0m
  [1m[36mActiveRecord::InternalMetadata Create (0.2ms)[0m  [1m[32mINSERT INTO "ar_internal_metadata" ("key", "value", "created_at", "updated_at") VALUES (?, ?, ?, ?)[0m  [["key", "environment"], ["value", "development"], ["created_at", "2023-09-01 17:13:44.499030"], ["updated_at", "2023-09-01 17:13:44.499030"]]
  [1m[36mTRANSACTION (5.0ms)[0m  [1m[36mcommit transaction[0m
  [1m[36mActiveRecord::SchemaMigration Pluck (0.1ms)[0m  [1m[34mSELECT "schema_migrations"."version" FROM "schema_migrations" ORDER BY "schema_migrations"."version" ASC[0m
  [1m[36mTRANSACTION (0.1ms)[0m  [1m[36mbegin transaction[0m
  [1m[36mArticle Create (0.7ms)[0m  [1m[32mINSERT INTO "articles" ("title", "body", "created_at", "updated_at") VALUES (?, ?, ?, ?)[0m  [["title", "Hello Rails"], ["body", "I am on Rails!"], ["created_at", "2023-09-01 17:14:33.237682"], ["updated_at", "2023-09-01 17:14:33.237682"]]
  [1m[36mTRANSACTION (8.0ms)[0m  [1m[36mcommit transaction[0m
Started GET "/" for 127.0.0.1 at 2023-09-01 13:19:04 -0400
  [1m[36mActiveRecord::SchemaMigration Pluck (0.1ms)[0m  [1m[34mSELECT "schema_migrations"."version" FROM "schema_migrations" ORDER BY "schema_migrations"."version" ASC[0m
  
NameError (uninitialized constant ApplicationController):
  
app/controllers/application_controller.rb:1:in `<main>'
app/controllers/articles_controller.rb:1:in `<main>'
Started GET "/" for 127.0.0.1 at 2023-09-01 13:19:33 -0400
  
NameError (uninitialized constant ApplicationController):
  
app/controllers/application_controller.rb:1:in `<main>'
app/controllers/articles_controller.rb:1:in `<main>'
Started GET "/" for 127.0.0.1 at 2023-09-01 13:20:21 -0400
  
NameError (uninitialized constant ApplicationController):
  
app/controllers/application_controller.rb:1:in `<main>'
app/controllers/articles_controller.rb:1:in `<main>'
Started GET "/" for 127.0.0.1 at 2023-09-01 13:20:41 -0400
  
NameError (uninitialized constant ApplicationController):
  
app/controllers/application_controller.rb:1:in `<main>'
app/controllers/articles_controller.rb:1:in `<main>'
Started GET "/" for 127.0.0.1 at 2023-09-01 13:39:12 -0400
  
NameError (uninitialized constant ApplicationController):
  
app/controllers/application_controller.rb:1:in `<main>'
app/controllers/articles_controller.rb:1:in `<main>'
Started GET "/" for 127.0.0.1 at 2023-09-01 13:39:14 -0400
  
NameError (uninitialized constant ApplicationController):
  
app/controllers/application_controller.rb:1:in `<main>'
app/controllers/articles_controller.rb:1:in `<main>'
Started GET "/" for 127.0.0.1 at 2023-09-01 13:39:16 -0400
  
NameError (uninitialized constant ApplicationController):
  
app/controllers/application_controller.rb:1:in `<main>'
app/controllers/articles_controller.rb:1:in `<main>'
Started GET "/" for 127.0.0.1 at 2023-09-01 13:39:33 -0400
  [1m[36mActiveRecord::SchemaMigration Pluck (0.3ms)[0m  [1m[34mSELECT "schema_migrations"."version" FROM "schema_migrations" ORDER BY "schema_migrations"."version" ASC[0m
  
NameError (uninitialized constant ApplicationController):
  
app/controllers/application_controller.rb:1:in `<main>'
app/controllers/articles_controller.rb:1:in `<main>'
Started GET "/" for 127.0.0.1 at 2023-09-01 13:40:20 -0400
  
NameError (uninitialized constant ApplicationController):
  
app/controllers/application_controller.rb:1:in `<main>'
app/controllers/articles_controller.rb:1:in `<main>'
Started GET "/" for 127.0.0.1 at 2023-09-01 13:40:52 -0400
  
NameError (uninitialized constant ApplicationController):
  
app/controllers/application_controller.rb:1:in `<main>'
app/controllers/articles_controller.rb:1:in `<main>'
Started GET "/" for 127.0.0.1 at 2023-09-01 13:41:16 -0400
  
NameError (uninitialized constant ApplicationController):
  
app/controllers/application_controller.rb:1:in `<main>'
app/controllers/articles_controller.rb:1:in `<main>'
Started GET "/" for 127.0.0.1 at 2023-09-01 13:41:18 -0400
  
NameError (uninitialized constant ApplicationController):
  
app/controllers/application_controller.rb:1:in `<main>'
app/controllers/articles_controller.rb:1:in `<main>'
Started GET "/" for 127.0.0.1 at 2023-09-01 13:41:19 -0400
  
NameError (uninitialized constant ApplicationController):
  
app/controllers/application_controller.rb:1:in `<main>'
app/controllers/articles_controller.rb:1:in `<main>'
Started GET "/" for 127.0.0.1 at 2023-09-01 13:43:00 -0400
  
Zeitwerk::NameError (expected file /home/clloyd/Documents/GitHub/FantasyFifa/Website/app/controllers/application_controller.rb to define constant ApplicationController, but didn't):
  
app/controllers/articles_controller.rb:1:in `<main>'
Started GET "/" for 127.0.0.1 at 2023-09-01 13:43:18 -0400
Processing by ArticlesController#index as HTML
  Rendering layout layouts/application.html.erb
  Rendering articles/index.html.erb within layouts/application
  [1m[36mArticle Load (0.3ms)[0m  [1m[34mSELECT "articles".* FROM "articles"[0m
  ↳ app/views/articles/index.html.erb:4
  Rendered articles/index.html.erb within layouts/application (Duration: 38.4ms | Allocations: 16720)
  Rendered layout layouts/application.html.erb (Duration: 151.1ms | Allocations: 52101)
Completed 200 OK in 170ms (Views: 151.4ms | ActiveRecord: 1.5ms | Allocations: 56925)


